<?xml version="1.0" encoding="UTF-8"?>
<!-- Generated by org.testng.reporters.JUnitReportReporter -->
<testsuite hostname="PUNEET-PC" failures="0" tests="1" name="Test_Cases.TC_002_Multiple_Products" time="19.071" errors="0" timestamp="2024-07-26T16:24:43 IST" skipped="0">
  <testcase classname="Test_Cases.TC_002_Multiple_Products" name="multiple_product" time="19.071"/>
</testsuite> <!-- Test_Cases.TC_002_Multiple_Products -->
